#
# There is insufficient memory for the Java Runtime Environment to continue.
# Native memory allocation (malloc) failed to allocate 1048576 bytes. Error detail: AllocateHeap
# Possible reasons:
#   The system is out of physical RAM or swap space
#   This process is running with CompressedOops enabled, and the Java Heap may be blocking the growth of the native heap
# Possible solutions:
#   Reduce memory load on the system
#   Increase physical memory or swap space
#   Check if swap backing store is full
#   Decrease Java heap size (-Xmx/-Xms)
#   Decrease number of Java threads
#   Decrease Java thread stack sizes (-Xss)
#   Set larger code cache with -XX:ReservedCodeCacheSize=
#   JVM is running with Unscaled Compressed Oops mode in which the Java heap is
#     placed in the first 4GB address space. The Java Heap base address is the
#     maximum limit for the native heap growth. Please use -XX:HeapBaseMinAddress
#     to set the Java Heap base and to place the Java Heap above 4GB virtual address.
# This output file may be truncated or incomplete.
#
#  Out of Memory Error (allocation.cpp:44), pid=6064, tid=3504
#
# JRE version:  (21.0.5+8) (build )
# Java VM: OpenJDK 64-Bit Server VM (21.0.5+8-b631.16, mixed mode, sharing, tiered, compressed oops, compressed class ptrs, g1 gc, windows-amd64)
# No core dump will be written. Minidumps are not enabled by default on client versions of Windows
#

---------------  S U M M A R Y ------------

Command Line: git4idea.http.GitAskPassApp Username for 'https://github.com': 

Host: Intel(R) Core(TM) i7-5600U CPU @ 2.60GHz, 4 cores, 7G,  Windows 11 , 64 bit Build 26100 (10.0.26100.2454)
Time: Sun Dec 15 14:47:28 2024 RTZ 2 (s 11 , 64 bit Build 26100 (10.0.26100.2454) elapsed time: 0.054100 seconds (0d 0h 0m 0s)

---------------  T H R E A D  ---------------

Current thread (0x000002347fbf4b20):  JavaThread "Unknown thread" [_thread_in_vm, id=3504, stack(0x00000078b6a00000,0x00000078b6b00000) (1024K)]

Stack: [0x00000078b6a00000,0x00000078b6b00000]
Native frames: (J=compiled Java code, j=interpreted, Vv=VM code, C=native code)
V  [jvm.dll+0x6e52b9]
V  [jvm.dll+0x8c3633]
V  [jvm.dll+0x8c5b8e]
V  [jvm.dll+0x8c6273]
V  [jvm.dll+0x288f46]
V  [jvm.dll+0xc0e57]
V  [jvm.dll+0x3339c5]
V  [jvm.dll+0x88aa4d]
V  [jvm.dll+0x3ca518]
V  [jvm.dll+0x873b98]
V  [jvm.dll+0x45eede]
V  [jvm.dll+0x460bc1]
C  [jli.dll+0x52ab]
C  [ucrtbase.dll+0x14ea0]
C  [KERNEL32.DLL+0x2e8d7]
C  [ntdll.dll+0xdfbcc]


---------------  P R O C E S S  ---------------

Threads class SMR info:
_java_thread_list=0x00007ffd0647a148, length=0, elements={
}

Java Threads: ( => current thread )
Total: 0

Other Threads:

=>0x000002347fbf4b20 (exited) JavaThread "Unknown thread"    [_thread_in_vm, id=3504, stack(0x00000078b6a00000,0x00000078b6b00000) (1024K)]
Total: 1

Threads with active compile tasks:
Total: 0

VM state: not at safepoint (not fully initialized)

VM Mutex/Monitor currently owned by a thread: None

Heap address: 0x0000000000000000, size: 0 MB, Compressed Oops mode: 32-bit

CDS archive(s) mapped at: [0x0000000000000000-0x0000000000000000-0x0000000000000000), size 0, SharedBaseAddress: 0x0000000800000000, ArchiveRelocationMode: 1.
Narrow klass base: 0x0000000000000000, Narrow klass shift: 0, Narrow klass range: 0x0

GC Precious Log:
 CardTable entry size: 512
 Card Set container configuration: InlinePtr #cards 5 size 8 Array Of Cards #cards 12 size 40 Howl #buckets 4 coarsen threshold 1843 Howl Bitmap #cards 512 size 80 coarsen threshold 460 Card regions per heap region 1 cards per card region 2048

GC Heap History (0 events):
No events

Dll operation events (1 events):
Event: 0.016 Loaded shared library C:\Program Files\JetBrains\WebStorm 2024.3\jbr\bin\java.dll

Deoptimization events (0 events):
No events

Classes loaded (0 events):
No events

Classes unloaded (0 events):
No events

Classes redefined (0 events):
No events

Internal exceptions (0 events):
No events

ZGC Phase Switch (0 events):
No events

VM Operations (0 events):
No events

Memory protections (0 events):
No events

Nmethod flushes (0 events):
No events

Events (0 events):
No events


Dynamic libraries:
0x00007ff714920000 - 0x00007ff71492a000 	C:\Program Files\JetBrains\WebStorm 2024.3\jbr\bin\java.exe
0x00007ffd80640000 - 0x00007ffd808a3000 	C:\WINDOWS\SYSTEM32\ntdll.dll
0x00007ffd7fd00000 - 0x00007ffd7fdc8000 	C:\WINDOWS\System32\KERNEL32.DLL
0x00007ffd7df60000 - 0x00007ffd7e312000 	C:\WINDOWS\System32\KERNELBASE.dll
0x00007ffd7dce0000 - 0x00007ffd7de2b000 	C:\WINDOWS\System32\ucrtbase.dll
0x00007ffd71b20000 - 0x00007ffd71b3b000 	C:\Program Files\JetBrains\WebStorm 2024.3\jbr\bin\VCRUNTIME140.dll
0x00007ffd6b490000 - 0x00007ffd6b4a8000 	C:\Program Files\JetBrains\WebStorm 2024.3\jbr\bin\jli.dll
0x00007ffd7fa10000 - 0x00007ffd7fbd8000 	C:\WINDOWS\System32\USER32.dll
0x00007ffd6c960000 - 0x00007ffd6cbf0000 	C:\WINDOWS\WinSxS\amd64_microsoft.windows.common-controls_6595b64144ccf1df_6.0.26100.2454_none_3e0b68a2e331ad60\COMCTL32.dll
0x00007ffd7db60000 - 0x00007ffd7db87000 	C:\WINDOWS\System32\win32u.dll
0x00007ffd7f1e0000 - 0x00007ffd7f289000 	C:\WINDOWS\System32\msvcrt.dll
0x00007ffd7ff20000 - 0x00007ffd7ff4a000 	C:\WINDOWS\System32\GDI32.dll
0x00007ffd7de30000 - 0x00007ffd7df5b000 	C:\WINDOWS\System32\gdi32full.dll
0x00007ffd7dc30000 - 0x00007ffd7dcd3000 	C:\WINDOWS\System32\msvcp_win.dll
0x00007ffd7f570000 - 0x00007ffd7f59f000 	C:\WINDOWS\System32\IMM32.DLL
0x00007ffd796b0000 - 0x00007ffd796bc000 	C:\Program Files\JetBrains\WebStorm 2024.3\jbr\bin\vcruntime140_1.dll
0x00007ffd4e7b0000 - 0x00007ffd4e83d000 	C:\Program Files\JetBrains\WebStorm 2024.3\jbr\bin\msvcp140.dll
0x00007ffd05820000 - 0x00007ffd065e1000 	C:\Program Files\JetBrains\WebStorm 2024.3\jbr\bin\server\jvm.dll
0x00007ffd7fc40000 - 0x00007ffd7fcf4000 	C:\WINDOWS\System32\ADVAPI32.dll
0x00007ffd801a0000 - 0x00007ffd80246000 	C:\WINDOWS\System32\sechost.dll
0x00007ffd80300000 - 0x00007ffd80416000 	C:\WINDOWS\System32\RPCRT4.dll
0x00007ffd80420000 - 0x00007ffd80494000 	C:\WINDOWS\System32\WS2_32.dll
0x00007ffd7d8a0000 - 0x00007ffd7d8ee000 	C:\WINDOWS\SYSTEM32\POWRPROF.dll
0x00007ffd74dc0000 - 0x00007ffd74df6000 	C:\WINDOWS\SYSTEM32\WINMM.dll
0x00007ffd72f40000 - 0x00007ffd72f4b000 	C:\WINDOWS\SYSTEM32\VERSION.dll
0x00007ffd7d880000 - 0x00007ffd7d894000 	C:\WINDOWS\SYSTEM32\UMPDC.dll
0x00007ffd7c850000 - 0x00007ffd7c86a000 	C:\WINDOWS\SYSTEM32\kernel.appcore.dll
0x00007ffd78de0000 - 0x00007ffd78dea000 	C:\Program Files\JetBrains\WebStorm 2024.3\jbr\bin\jimage.dll
0x00007ffd49860000 - 0x00007ffd49aa1000 	C:\WINDOWS\SYSTEM32\DBGHELP.DLL
0x00007ffd7f5d0000 - 0x00007ffd7f94e000 	C:\WINDOWS\System32\combase.dll
0x00007ffd80050000 - 0x00007ffd80126000 	C:\WINDOWS\System32\OLEAUT32.dll
0x00007ffd67f90000 - 0x00007ffd67fc9000 	C:\WINDOWS\SYSTEM32\dbgcore.DLL
0x00007ffd7db90000 - 0x00007ffd7dc29000 	C:\WINDOWS\System32\bcryptPrimitives.dll
0x00007ffd6d4d0000 - 0x00007ffd6d4f0000 	C:\Program Files\JetBrains\WebStorm 2024.3\jbr\bin\java.dll

dbghelp: loaded successfully - version: 4.0.5 - missing functions: none
symbol engine: initialized successfully - sym options: 0x614 - pdb path: .;C:\Program Files\JetBrains\WebStorm 2024.3\jbr\bin;C:\WINDOWS\SYSTEM32;C:\WINDOWS\WinSxS\amd64_microsoft.windows.common-controls_6595b64144ccf1df_6.0.26100.2454_none_3e0b68a2e331ad60;C:\Program Files\JetBrains\WebStorm 2024.3\jbr\bin\server

VM Arguments:
java_command: git4idea.http.GitAskPassApp Username for 'https://github.com': 
java_class_path (initial): C:/Program Files/JetBrains/WebStorm 2024.3/plugins/vcs-git/lib/git4idea-rt.jar;C:/Program Files/JetBrains/WebStorm 2024.3/lib/externalProcess-rt.jar
Launcher Type: SUN_STANDARD

[Global flags]
     intx CICompilerCount                          = 3                                         {product} {ergonomic}
     uint ConcGCThreads                            = 1                                         {product} {ergonomic}
     uint G1ConcRefinementThreads                  = 4                                         {product} {ergonomic}
   size_t G1HeapRegionSize                         = 1048576                                   {product} {ergonomic}
    uintx GCDrainStackTargetSize                   = 64                                        {product} {ergonomic}
   size_t InitialHeapSize                          = 134217728                                 {product} {ergonomic}
   size_t MarkStackSize                            = 4194304                                   {product} {ergonomic}
   size_t MaxHeapSize                              = 2116026368                                {product} {ergonomic}
   size_t MinHeapDeltaBytes                        = 1048576                                   {product} {ergonomic}
   size_t MinHeapSize                              = 8388608                                   {product} {ergonomic}
    uintx NonNMethodCodeHeapSize                   = 5832780                                {pd product} {ergonomic}
    uintx NonProfiledCodeHeapSize                  = 122912730                              {pd product} {ergonomic}
    uintx ProfiledCodeHeapSize                     = 122912730                              {pd product} {ergonomic}
    uintx ReservedCodeCacheSize                    = 251658240                              {pd product} {ergonomic}
     bool SegmentedCodeCache                       = true                                      {product} {ergonomic}
   size_t SoftMaxHeapSize                          = 2116026368                             {manageable} {ergonomic}
     bool UseCompressedOops                        = true                           {product lp64_product} {ergonomic}
     bool UseG1GC                                  = true                                      {product} {ergonomic}
     bool UseLargePagesIndividualAllocation        = false                                  {pd product} {ergonomic}

Logging:
Log output configuration:
 #0: stdout all=warning uptime,level,tags foldmultilines=false
 #1: stderr all=off uptime,level,tags foldmultilines=false

Environment Variables:
PATH=C:\Program Files\Git\mingw64\libexec\git-core;C:\Program Files\Git\mingw64\libexec\git-core;C:\Program Files\Git\mingw64\bin;C:\Program Files\Git\usr\bin;C:\Users\mamed\bin;C:\WINDOWS\system32;C:\WINDOWS;C:\WINDOWS\System32\Wbem;C:\WINDOWS\System32\WindowsPowerShell\v1.0;C:\WINDOWS\System32\OpenSSH;C:\Users\mamed\AppData\Roaming\nvm;C:\Program Files\nodejs;C:\Program Files\Git\cmd;C:\Users\mamed\AppData\Local\Microsoft\WindowsApps;C:\Users\mamed\AppData\Local\Programs\Microsoft VS Code Insiders\bin;C:\Users\mamed\AppData\Roaming\nvm;C:\Program Files\nodejs;C:\Program Files\JetBrains\WebStorm 2024.3\bin
USERNAME=mamed
DISPLAY=:0.0
LC_ALL=en_US.UTF-8
TERM=xterm-256color
TMPDIR=C:\Users\mamed\AppData\Local\Temp
OS=Windows_NT
PROCESSOR_IDENTIFIER=Intel64 Family 6 Model 61 Stepping 4, GenuineIntel
TMP=C:\Users\mamed\AppData\Local\Temp
TEMP=C:\Users\mamed\AppData\Local\Temp




Periodic native trim disabled

JNI global refs:
JNI global refs: 0, weak refs: 0

JNI global refs memory usage: 0, weak refs: 0

Process memory usage:
Resident Set Size: 11968K (0% of 8259704K total physical memory with 1481200K free physical memory)

OOME stack traces (most recent first):
Classloader memory used:

---------------  S Y S T E M  ---------------

OS:
 Windows 11 , 64 bit Build 26100 (10.0.26100.2454)
OS uptime: 3 days 18:32 hours

CPU: total 4 (initial active 4) (2 cores per cpu, 2 threads per core) family 6 model 61 stepping 4 microcode 0x2f, cx8, cmov, fxsr, ht, mmx, 3dnowpref, sse, sse2, sse3, ssse3, sse4.1, sse4.2, popcnt, lzcnt, tsc, tscinvbit, avx, avx2, aes, erms, clmul, bmi1, bmi2, rtm, adx, fma, vzeroupper, clflush, rdtscp, f16c
Processor Information for all 4 processors :
  Max Mhz: 2601, Current Mhz: 2600, Mhz Limit: 2574

Memory: 4k page, system-wide physical 8066M (1446M free)
TotalPageFile size 32642M (AvailPageFile size 7M)
current process WorkingSet (physical memory assigned to process): 11M, peak: 11M
current process commit charge ("private bytes"): 12M, peak: 13M

vm_info: OpenJDK 64-Bit Server VM (21.0.5+8-b631.16) for windows-amd64 JRE (21.0.5+8-b631.16), built on 2024-11-02 by "builduser" with MS VC++ 16.10 / 16.11 (VS2019)

END.
